92dce386dae08c01c24b9428df401f95  ads.tar.gz
f0f9b34e337ba0a13a7a2d7bfff19f43  adult.tar.gz
dc18895990611cee595883a188f38dd0  aggressive.tar.gz
dc18895990611cee595883a188f38dd0  agressif.tar.gz
ffeb825eb6d75e56fda9301a5b7998b0  ai.tar.gz
f8f25c38a0dfe0412301fec50dca0816  arjel.tar.gz
297a6bd608277400b43c7788d4dd07fb  associations_religieuses.tar.gz
a9f012a35af8b990edc6e4a562391079  astrology.tar.gz
cc6ad0a1606b948e066c8711af12e7c9  audio-video.tar.gz
54d1e0d9c5bf656824d04960e696675e  bank.tar.gz
e5efad1807e5de664db064b4e92febae  bitcoin.tar.gz
266c88911e1b9857ae85e0d1a9ad8a26  blacklists.tar.gz
af1654d06554207fc1e0ed11f045a6f4  blog.tar.gz
ef28e523a6126720e0e7b4eafa0438e9  catalogue-biu-toulouse.tar.gz
df9a1b3eb930697f684e0aae9ee09a58  cc-by-sa-4-0.pdf
4753173b4ee1b638971604750ee51275  cc-by-sa-4-0.pdf.tar.gz
2feb0e57da6a5f9c8f92ea36770b3f36  celebrity.tar.gz
9eb0fe4c7f55d449c1d4545f8a1f920a  chat.tar.gz
dd1310a5c42d59e79f428984bc321331  child.tar.gz
49b56d4c9d35ed4ca202e2704763cd2d  cleaning.tar.gz
26f5f26773a027f8d853e42d604e0949  cooking.tar.gz
311b3b555d82d5fac335f8cc7afef5b4  cryptojacking.tar.gz
a9fbabad48a5a8edfb48b74f7e6a7f1b  dangerous_material.tar.gz
958a7e4b3a3d2d36a35c1fb1db6219d9  dating.tar.gz
6b516254cc1495c722316ad8110ddf32  ddos.tar.gz
a461c524a84963355d115760885da587  dialer.tar.gz
8f5b54117154b97bcbf7ea0d930ee0a5  doh.tar.gz
258ff924b2fc72d0d00b0fb9b07de5e1  domains.tar.gz
8cd58efde9b37b199f4a4283550acc15  download.tar.gz
3e6f30367a6cff5dedab1ccb49abbae4  drogue.tar.gz
3e6f30367a6cff5dedab1ccb49abbae4  drugs.tar.gz
4e7ee6726d961a47d902ecc36b3c1bc6  dynamic-dns.tar.gz
dae9ec24fb1d723602bb199296cba333  educational_games.tar.gz
7585bb71b91ea75f36d8bbdb974f3a47  examen_pix.tar.gz
f2e8ebfa04a60ff5694e27b9704b9893  exceptions_liste_bu.tar.gz
7c8e554a41cd4e46eba19436aea20bde  fakenews.tar.gz
f7482d48effabf083ff9d0d2670d1589  filehosting.tar.gz
5edd24b60fd309960319ce7ec0f9670e  financial.tar.gz
5516380db418cc07497f5eb90f39a971  forums.tar.gz
5d9c388cf6922a7d2ec1276dc626fbda  gambling.tar.gz
ac25cb5a6eb40bfad46c933a14f301d1  games.tar.gz
a294d4c5f5c848f0cd3c2f2cfee57a9d  global_usage
467047e030cd25ada0ff07e7efde319b  good.tar.gz
fb8dcdb396963b615d3ef41df0b2d082  hacking.tar.gz
f8bca2fb264f98dee6568be26c2b6bb0  indisponible.tar.gz
53c469fe502ec5d4095df2740e3ecd9d  jobsearch.tar.gz
ac1964f0919cb2a7a1627ed9734358fd  jstor.tar.gz
df9a1b3eb930697f684e0aae9ee09a58  LICENSE.pdf
4753173b4ee1b638971604750ee51275  LICENSE.pdf.tar.gz
0a2365f3544b935d842cd999980934a4  lingerie.tar.gz
a975947ccec6f364789c706b7564ff34  liste_blanche.tar.gz
044dc6afa06450093d01aacb84fe33c9  liste_bu.tar.gz
15feac414f0b5351e806182ff0baf0cf  local.tar.gz
87ce899f79b973f4341403cc9fcaec9d  malware.tar.gz
05d73444fad70c147522968ec47dbf7f  manga.tar.gz
231ad3df617199e549e840e1df451d6a  marketingware.tar.gz
d9c2f0c333ba4e53462f6e4337bb2f8c  mixed_adult.tar.gz
2a32b6340950f6e679f1a50475dc0221  mobile-phone.tar.gz
87ce899f79b973f4341403cc9fcaec9d  phishing.tar.gz
f0f9b34e337ba0a13a7a2d7bfff19f43  porn.tar.gz
99a7da520500408182c6ee5687fd1af2  press.tar.gz
50ac3d67d4f943c9d105077b34ea8a67  proxy.tar.gz
92dce386dae08c01c24b9428df401f95  publicite.tar.gz
a11c0dd2d495e0d62a7123b195beaf47  radio.tar.gz
d41d8cd98f00b204e9800998ecf8427e  README
644078c9061fe7413d4f42ab9259bacc  README.tar.gz
41ce87af268d67a1db78b1b0db5e5e1f  reaffected.tar.gz
50ac3d67d4f943c9d105077b34ea8a67  redirector.tar.gz
96c61ba5913788e7df7b30ef9eea5e58  remote-control.tar.gz
85243fe0eb59504311752e0ea2d54002  residential-proxies.tar.gz
73d5a5fc0fd4b98e12ca01361b2800de  sect.tar.gz
b9c1883119349d50f389655670a940ff  sexual_education.tar.gz
aa83b41a67e9e48b041e9e4eb992334b  shopping.tar.gz
c79efaa464c9598851d7faa1903356cb  shortener.tar.gz
7d54dbae0ad1238961ac339200631e8f  social_networks.tar.gz
eacaa82800d0d7f830fbc3aa040e5ed7  special.tar.gz
161464715de0527dcb4099e4eb75a5dc  sports.tar.gz
20fd0fb8dae968217b6c9a46e6ff82c1  stalkerware.tar.gz
4ea1981005d92ffd9a8b2f7416b8f751  strict_redirector.tar.gz
726ccaa97b4b552aebb512f47b65e8c1  strong_redirector.tar.gz
c29a86672a80e71cec73a2107aa3e16f  translation.tar.gz
92564ccc97db187334adda79d785575c  tricheur_pix.tar.gz
bbad677ceaafd010adc8a9d905473b6d  tricheur.tar.gz
df34c3092a480d2322567d96234ba09f  update.tar.gz
fbeadab243f379efaa4c0fea89caa60b  verisign.tar.gz
dc18895990611cee595883a188f38dd0  violence.tar.gz
518578c02ec65bcb80bf25728596bb65  vpn.tar.gz
f710b087d44dca2ff2d720ce4a413e0a  warez.tar.gz
3946163d34290a769ea37c00e6d78ea5  webhosting.tar.gz
cd4027496b00cc734c24e36aec84ede1  webmail.tar.gz
